[2025-03-30 11:51:21] Starting SHO optimization process...
[2025-03-30 11:51:21] Initial best fitness value: 362.90
[2025-03-30 11:51:21] Initial Solution Details:
[2025-03-30 11:51:21] Vehicle 1 - Route: [0, 1, 0], Distance: 1.00
[2025-03-30 11:51:21] Vehicle 2 - Route: [0, 2, 0], Distance: 1.00
[2025-03-30 11:51:21] Vehicle 3 - Route: [0, 3, 0], Distance: 1.00
[2025-03-30 11:51:21] Vehicle 4 - Route: [0, 4, 0], Distance: 1.00
[2025-03-30 11:51:21] Vehicle 5 - Route: [0, 5, 0], Distance: 1.00
[2025-03-30 11:51:21] Vehicle 6 - Route: [0, 6, 0], Distance: 1.00
[2025-03-30 11:51:21] Vehicle 7 - Route: [0, 7, 0], Distance: 1.00
[2025-03-30 11:51:21] Vehicle 8 - Route: [0, 8, 0], Distance: 1.00
[2025-03-30 11:51:21] Vehicle 9 - Route: [0, 9, 0], Distance: 1.00
[2025-03-30 11:51:21] Initial Total Distance: 9.00
[2025-03-30 11:51:21] Iteration 1/500 - Best fitness value: 362.90
[2025-03-30 11:51:21] Iteration 2/500 - Best fitness value: 362.90
[2025-03-30 11:51:21] Iteration 3/500 - Best fitness value: 362.90
[2025-03-30 11:51:21] Iteration 4/500 - Best fitness value: 362.90
[2025-03-30 11:51:21] Iteration 5/500 - Best fitness value: 362.90
[2025-03-30 11:51:21] Iteration 6/500 - Best fitness value: 362.90
[2025-03-30 11:51:21] Iteration 7/500 - Best fitness value: 362.90
[2025-03-30 11:51:21] Iteration 8/500 - Best fitness value: 362.90
[2025-03-30 11:51:21] Iteration 9/500 - Best fitness value: 362.90
[2025-03-30 11:51:21] Iteration 10/500 - Best fitness value: 362.90
[2025-03-30 11:51:21] Iteration 11/500 - Best fitness value: 362.90
[2025-03-30 11:51:21] Iteration 12/500 - Best fitness value: 362.90
[2025-03-30 11:51:21] Iteration 13/500 - Best fitness value: 362.90
[2025-03-30 11:51:21] Iteration 14/500 - Best fitness value: 362.90
[2025-03-30 11:51:21] Iteration 15/500 - Best fitness value: 362.90
[2025-03-30 11:51:21] Iteration 16/500 - Best fitness value: 362.90
[2025-03-30 11:51:21] Iteration 17/500 - Best fitness value: 362.90
[2025-03-30 11:51:21] Iteration 18/500 - Best fitness value: 362.90
[2025-03-30 11:51:21] Iteration 19/500 - Best fitness value: 362.90
[2025-03-30 11:51:21] Iteration 20/500 - Best fitness value: 362.90
[2025-03-30 11:51:21] Iteration 21/500 - Best fitness value: 362.90
[2025-03-30 11:51:21] Iteration 22/500 - Best fitness value: 362.90
[2025-03-30 11:51:21] Iteration 23/500 - Best fitness value: 362.90
[2025-03-30 11:51:21] Iteration 24/500 - Best fitness value: 362.90
[2025-03-30 11:51:21] Iteration 25/500 - Best fitness value: 362.90
[2025-03-30 11:51:21] Iteration 26/500 - Best fitness value: 362.90
[2025-03-30 11:51:21] Iteration 27/500 - Best fitness value: 362.90
[2025-03-30 11:51:21] Iteration 28/500 - Best fitness value: 362.90
[2025-03-30 11:51:21] Iteration 29/500 - Best fitness value: 362.90
[2025-03-30 11:51:21] Iteration 30/500 - Best fitness value: 362.90
[2025-03-30 11:51:21] Iteration 31/500 - Best fitness value: 362.90
[2025-03-30 11:51:21] Iteration 32/500 - Best fitness value: 362.90
[2025-03-30 11:51:21] Iteration 33/500 - Best fitness value: 362.90
[2025-03-30 11:51:21] Iteration 34/500 - Best fitness value: 362.90
[2025-03-30 11:51:21] Iteration 35/500 - Best fitness value: 362.90
[2025-03-30 11:51:21] Iteration 36/500 - Best fitness value: 362.90
[2025-03-30 11:51:21] Iteration 37/500 - Best fitness value: 362.90
[2025-03-30 11:51:21] Iteration 38/500 - Best fitness value: 362.90
[2025-03-30 11:51:21] Iteration 39/500 - Best fitness value: 362.90
[2025-03-30 11:51:21] Iteration 40/500 - Best fitness value: 362.90
[2025-03-30 11:51:21] Iteration 41/500 - Best fitness value: 362.90
[2025-03-30 11:51:21] Iteration 42/500 - Best fitness value: 362.90
[2025-03-30 11:51:21] Iteration 43/500 - Best fitness value: 362.90
[2025-03-30 11:51:21] Iteration 44/500 - Best fitness value: 362.90
[2025-03-30 11:51:21] Iteration 45/500 - Best fitness value: 362.90
[2025-03-30 11:51:21] Iteration 46/500 - Best fitness value: 362.90
[2025-03-30 11:51:21] Iteration 47/500 - Best fitness value: 362.90
[2025-03-30 11:51:21] Iteration 48/500 - Best fitness value: 362.90
[2025-03-30 11:51:21] Iteration 49/500 - Best fitness value: 362.90
[2025-03-30 11:51:21] Iteration 50/500 - Best fitness value: 362.90
[2025-03-30 11:51:21] Iteration 51/500 - Best fitness value: 362.90
[2025-03-30 11:51:21] Iteration 52/500 - Best fitness value: 362.90
[2025-03-30 11:51:21] Iteration 53/500 - Best fitness value: 362.90
[2025-03-30 11:51:21] Iteration 54/500 - Best fitness value: 362.90
[2025-03-30 11:51:21] Iteration 55/500 - Best fitness value: 362.90
[2025-03-30 11:51:21] Iteration 56/500 - Best fitness value: 362.90
[2025-03-30 11:51:21] Iteration 57/500 - Best fitness value: 362.90
[2025-03-30 11:51:21] Iteration 58/500 - Best fitness value: 362.90
[2025-03-30 11:51:21] Iteration 59/500 - Best fitness value: 362.90
[2025-03-30 11:51:21] Iteration 60/500 - Best fitness value: 362.90
[2025-03-30 11:51:21] Iteration 61/500 - Best fitness value: 362.90
[2025-03-30 11:51:21] Iteration 62/500 - Best fitness value: 362.90
[2025-03-30 11:51:21] Iteration 63/500 - Best fitness value: 362.90
[2025-03-30 11:51:21] Iteration 64/500 - Best fitness value: 362.90
[2025-03-30 11:51:21] Iteration 65/500 - Best fitness value: 362.90
[2025-03-30 11:51:21] Iteration 66/500 - Best fitness value: 362.90
[2025-03-30 11:51:21] Iteration 67/500 - Best fitness value: 362.90
[2025-03-30 11:51:21] Iteration 68/500 - Best fitness value: 362.90
[2025-03-30 11:51:21] Iteration 69/500 - Best fitness value: 362.90
[2025-03-30 11:51:21] Iteration 70/500 - Best fitness value: 362.90
[2025-03-30 11:51:21] Iteration 71/500 - Best fitness value: 362.90
[2025-03-30 11:51:21] Iteration 72/500 - Best fitness value: 362.90
[2025-03-30 11:51:21] Iteration 73/500 - Best fitness value: 362.90
[2025-03-30 11:51:21] Iteration 74/500 - Best fitness value: 362.90
[2025-03-30 11:51:21] Iteration 75/500 - Best fitness value: 362.90
[2025-03-30 11:51:21] Iteration 76/500 - Best fitness value: 362.90
[2025-03-30 11:51:21] Iteration 77/500 - Best fitness value: 362.90
[2025-03-30 11:51:21] Iteration 78/500 - Best fitness value: 362.90
[2025-03-30 11:51:21] Iteration 79/500 - Best fitness value: 362.90
[2025-03-30 11:51:21] Iteration 80/500 - Best fitness value: 362.90
[2025-03-30 11:51:21] Iteration 81/500 - Best fitness value: 362.90
[2025-03-30 11:51:21] Iteration 82/500 - Best fitness value: 362.90
[2025-03-30 11:51:21] Iteration 83/500 - Best fitness value: 362.90
[2025-03-30 11:51:21] Iteration 84/500 - Best fitness value: 362.90
[2025-03-30 11:51:21] Iteration 85/500 - Best fitness value: 362.90
[2025-03-30 11:51:21] Iteration 86/500 - Best fitness value: 362.90
[2025-03-30 11:51:21] Iteration 87/500 - Best fitness value: 362.90
[2025-03-30 11:51:21] Iteration 88/500 - Best fitness value: 362.90
[2025-03-30 11:51:21] Iteration 89/500 - Best fitness value: 362.90
[2025-03-30 11:51:21] Iteration 90/500 - Best fitness value: 362.90
[2025-03-30 11:51:21] Iteration 91/500 - Best fitness value: 362.90
[2025-03-30 11:51:21] Iteration 92/500 - Best fitness value: 362.90
[2025-03-30 11:51:21] Iteration 93/500 - Best fitness value: 362.90
[2025-03-30 11:51:21] Iteration 94/500 - Best fitness value: 362.90
[2025-03-30 11:51:21] Iteration 95/500 - Best fitness value: 362.90
[2025-03-30 11:51:21] Iteration 96/500 - Best fitness value: 362.90
[2025-03-30 11:51:21] Iteration 97/500 - Best fitness value: 362.90
[2025-03-30 11:51:21] Iteration 98/500 - Best fitness value: 362.90
[2025-03-30 11:51:21] Iteration 99/500 - Best fitness value: 362.90
[2025-03-30 11:51:21] Iteration 100/500 - Best fitness value: 362.90
[2025-03-30 11:51:21] Iteration 101/500 - Best fitness value: 362.90
[2025-03-30 11:51:21] Iteration 102/500 - Best fitness value: 362.90
[2025-03-30 11:51:21] Iteration 103/500 - Best fitness value: 362.90
[2025-03-30 11:51:21] Iteration 104/500 - Best fitness value: 362.90
[2025-03-30 11:51:21] Iteration 105/500 - Best fitness value: 362.90
[2025-03-30 11:51:21] Iteration 106/500 - Best fitness value: 362.90
[2025-03-30 11:51:21] Iteration 107/500 - Best fitness value: 362.90
[2025-03-30 11:51:21] Iteration 108/500 - Best fitness value: 362.90
[2025-03-30 11:51:21] Iteration 109/500 - Best fitness value: 362.90
[2025-03-30 11:51:21] Iteration 110/500 - Best fitness value: 362.90
[2025-03-30 11:51:21] Iteration 111/500 - Best fitness value: 362.90
[2025-03-30 11:51:21] Iteration 112/500 - Best fitness value: 362.90
[2025-03-30 11:51:21] Iteration 113/500 - Best fitness value: 362.90
[2025-03-30 11:51:21] Iteration 114/500 - Best fitness value: 362.90
[2025-03-30 11:51:21] Iteration 115/500 - Best fitness value: 362.90
[2025-03-30 11:51:21] Iteration 116/500 - Best fitness value: 362.90
[2025-03-30 11:51:21] Iteration 117/500 - Best fitness value: 362.90
[2025-03-30 11:51:21] Iteration 118/500 - Best fitness value: 362.90
[2025-03-30 11:51:21] Iteration 119/500 - Best fitness value: 362.90
[2025-03-30 11:51:21] Iteration 120/500 - Best fitness value: 362.90
[2025-03-30 11:51:21] Iteration 121/500 - Best fitness value: 362.90
[2025-03-30 11:51:21] Iteration 122/500 - Best fitness value: 362.90
[2025-03-30 11:51:21] Iteration 123/500 - Best fitness value: 362.90
[2025-03-30 11:51:21] Iteration 124/500 - Best fitness value: 362.90
[2025-03-30 11:51:21] Iteration 125/500 - Best fitness value: 362.90
[2025-03-30 11:51:21] Iteration 126/500 - Best fitness value: 362.90
[2025-03-30 11:51:21] Iteration 127/500 - Best fitness value: 362.90
[2025-03-30 11:51:21] Iteration 128/500 - Best fitness value: 362.90
[2025-03-30 11:51:21] Iteration 129/500 - Best fitness value: 362.90
[2025-03-30 11:51:21] Iteration 130/500 - Best fitness value: 362.90
[2025-03-30 11:51:21] Iteration 131/500 - Best fitness value: 362.90
[2025-03-30 11:51:21] Iteration 132/500 - Best fitness value: 362.90
[2025-03-30 11:51:21] Iteration 133/500 - Best fitness value: 362.90
[2025-03-30 11:51:21] Iteration 134/500 - Best fitness value: 362.90
[2025-03-30 11:51:21] Iteration 135/500 - Best fitness value: 362.90
[2025-03-30 11:51:21] Iteration 136/500 - Best fitness value: 362.90
[2025-03-30 11:51:21] Iteration 137/500 - Best fitness value: 362.90
[2025-03-30 11:51:21] Iteration 138/500 - Best fitness value: 362.90
[2025-03-30 11:51:21] Iteration 139/500 - Best fitness value: 362.90
[2025-03-30 11:51:21] Iteration 140/500 - Best fitness value: 362.90
[2025-03-30 11:51:21] Iteration 141/500 - Best fitness value: 362.90
[2025-03-30 11:51:21] Iteration 142/500 - Best fitness value: 362.90
[2025-03-30 11:51:21] Iteration 143/500 - Best fitness value: 362.90
[2025-03-30 11:51:21] Iteration 144/500 - Best fitness value: 362.90
[2025-03-30 11:51:21] Iteration 145/500 - Best fitness value: 362.90
[2025-03-30 11:51:21] Iteration 146/500 - Best fitness value: 362.90
[2025-03-30 11:51:21] Iteration 147/500 - Best fitness value: 362.90
[2025-03-30 11:51:21] Iteration 148/500 - Best fitness value: 362.90
[2025-03-30 11:51:21] Iteration 149/500 - Best fitness value: 362.90
[2025-03-30 11:51:21] Iteration 150/500 - Best fitness value: 362.90
[2025-03-30 11:51:21] Iteration 151/500 - Best fitness value: 362.90
[2025-03-30 11:51:21] Iteration 152/500 - Best fitness value: 362.90
[2025-03-30 11:51:21] Iteration 153/500 - Best fitness value: 362.90
[2025-03-30 11:51:21] Iteration 154/500 - Best fitness value: 362.90
[2025-03-30 11:51:21] Iteration 155/500 - Best fitness value: 362.90
[2025-03-30 11:51:21] Iteration 156/500 - Best fitness value: 362.90
[2025-03-30 11:51:21] Iteration 157/500 - Best fitness value: 362.90
[2025-03-30 11:51:21] Iteration 158/500 - Best fitness value: 362.90
[2025-03-30 11:51:21] Iteration 159/500 - Best fitness value: 362.90
[2025-03-30 11:51:21] Iteration 160/500 - Best fitness value: 362.90
[2025-03-30 11:51:21] Iteration 161/500 - Best fitness value: 362.90
[2025-03-30 11:51:21] Iteration 162/500 - Best fitness value: 362.90
[2025-03-30 11:51:21] Iteration 163/500 - Best fitness value: 362.90
[2025-03-30 11:51:21] Iteration 164/500 - Best fitness value: 362.90
[2025-03-30 11:51:21] Iteration 165/500 - Best fitness value: 362.90
[2025-03-30 11:51:21] Iteration 166/500 - Best fitness value: 362.90
[2025-03-30 11:51:21] Iteration 167/500 - Best fitness value: 362.90
[2025-03-30 11:51:21] Iteration 168/500 - Best fitness value: 362.90
[2025-03-30 11:51:21] Iteration 169/500 - Best fitness value: 362.90
[2025-03-30 11:51:21] Iteration 170/500 - Best fitness value: 362.90
[2025-03-30 11:51:21] Iteration 171/500 - Best fitness value: 362.90
[2025-03-30 11:51:21] Iteration 172/500 - Best fitness value: 362.90
[2025-03-30 11:51:21] Iteration 173/500 - Best fitness value: 362.90
[2025-03-30 11:51:21] Iteration 174/500 - Best fitness value: 362.90
[2025-03-30 11:51:21] Iteration 175/500 - Best fitness value: 362.90
[2025-03-30 11:51:21] Iteration 176/500 - Best fitness value: 362.90
[2025-03-30 11:51:21] Iteration 177/500 - Best fitness value: 362.90
[2025-03-30 11:51:21] Iteration 178/500 - Best fitness value: 362.90
[2025-03-30 11:51:21] Iteration 179/500 - Best fitness value: 362.90
[2025-03-30 11:51:21] Iteration 180/500 - Best fitness value: 362.90
[2025-03-30 11:51:21] Iteration 181/500 - Best fitness value: 362.90
[2025-03-30 11:51:21] Iteration 182/500 - Best fitness value: 362.90
[2025-03-30 11:51:21] Iteration 183/500 - Best fitness value: 362.90
[2025-03-30 11:51:21] Iteration 184/500 - Best fitness value: 362.90
[2025-03-30 11:51:21] Iteration 185/500 - Best fitness value: 362.90
[2025-03-30 11:51:21] Iteration 186/500 - Best fitness value: 362.90
[2025-03-30 11:51:21] Iteration 187/500 - Best fitness value: 362.90
[2025-03-30 11:51:21] Iteration 188/500 - Best fitness value: 362.90
[2025-03-30 11:51:21] Iteration 189/500 - Best fitness value: 362.90
[2025-03-30 11:51:21] Iteration 190/500 - Best fitness value: 362.90
[2025-03-30 11:51:21] Iteration 191/500 - Best fitness value: 362.90
[2025-03-30 11:51:21] Iteration 192/500 - Best fitness value: 362.90
[2025-03-30 11:51:21] Iteration 193/500 - Best fitness value: 362.90
[2025-03-30 11:51:21] Iteration 194/500 - Best fitness value: 362.90
[2025-03-30 11:51:21] Iteration 195/500 - Best fitness value: 362.90
[2025-03-30 11:51:21] Iteration 196/500 - Best fitness value: 362.90
[2025-03-30 11:51:21] Iteration 197/500 - Best fitness value: 362.90
[2025-03-30 11:51:21] Iteration 198/500 - Best fitness value: 362.90
[2025-03-30 11:51:21] Iteration 199/500 - Best fitness value: 362.90
[2025-03-30 11:51:21] Iteration 200/500 - Best fitness value: 362.90
[2025-03-30 11:51:21] Iteration 201/500 - Best fitness value: 362.90
[2025-03-30 11:51:21] Iteration 202/500 - Best fitness value: 362.90
[2025-03-30 11:51:21] Iteration 203/500 - Best fitness value: 362.90
[2025-03-30 11:51:21] Iteration 204/500 - Best fitness value: 362.90
[2025-03-30 11:51:21] Iteration 205/500 - Best fitness value: 362.90
[2025-03-30 11:51:21] Iteration 206/500 - Best fitness value: 362.90
[2025-03-30 11:51:21] Iteration 207/500 - Best fitness value: 362.90
[2025-03-30 11:51:21] Iteration 208/500 - Best fitness value: 362.90
[2025-03-30 11:51:21] Iteration 209/500 - Best fitness value: 362.90
[2025-03-30 11:51:21] Iteration 210/500 - Best fitness value: 362.90
[2025-03-30 11:51:21] Iteration 211/500 - Best fitness value: 362.90
[2025-03-30 11:51:21] Iteration 212/500 - Best fitness value: 362.90
[2025-03-30 11:51:21] Iteration 213/500 - Best fitness value: 362.90
[2025-03-30 11:51:21] Iteration 214/500 - Best fitness value: 362.90
[2025-03-30 11:51:21] Iteration 215/500 - Best fitness value: 362.90
[2025-03-30 11:51:21] Iteration 216/500 - Best fitness value: 362.90
[2025-03-30 11:51:21] Iteration 217/500 - Best fitness value: 362.90
[2025-03-30 11:51:21] Iteration 218/500 - Best fitness value: 362.90
[2025-03-30 11:51:21] Iteration 219/500 - Best fitness value: 362.90
[2025-03-30 11:51:21] Iteration 220/500 - Best fitness value: 362.90
[2025-03-30 11:51:21] Iteration 221/500 - Best fitness value: 362.90
[2025-03-30 11:51:21] Iteration 222/500 - Best fitness value: 362.90
[2025-03-30 11:51:21] Iteration 223/500 - Best fitness value: 362.90
[2025-03-30 11:51:21] Iteration 224/500 - Best fitness value: 362.90
[2025-03-30 11:51:21] Iteration 225/500 - Best fitness value: 362.90
[2025-03-30 11:51:21] Iteration 226/500 - Best fitness value: 362.90
[2025-03-30 11:51:21] Iteration 227/500 - Best fitness value: 362.90
[2025-03-30 11:51:21] Iteration 228/500 - Best fitness value: 362.90
[2025-03-30 11:51:21] Iteration 229/500 - Best fitness value: 362.90
[2025-03-30 11:51:21] Iteration 230/500 - Best fitness value: 362.90
[2025-03-30 11:51:21] Iteration 231/500 - Best fitness value: 362.90
[2025-03-30 11:51:21] Iteration 232/500 - Best fitness value: 362.90
[2025-03-30 11:51:21] Iteration 233/500 - Best fitness value: 362.90
[2025-03-30 11:51:21] Iteration 234/500 - Best fitness value: 362.90
[2025-03-30 11:51:21] Iteration 235/500 - Best fitness value: 362.90
[2025-03-30 11:51:21] Iteration 236/500 - Best fitness value: 362.90
[2025-03-30 11:51:21] Iteration 237/500 - Best fitness value: 362.90
[2025-03-30 11:51:21] Iteration 238/500 - Best fitness value: 362.90
[2025-03-30 11:51:21] Iteration 239/500 - Best fitness value: 362.90
[2025-03-30 11:51:21] Iteration 240/500 - Best fitness value: 362.90
[2025-03-30 11:51:21] Iteration 241/500 - Best fitness value: 362.90
[2025-03-30 11:51:21] Iteration 242/500 - Best fitness value: 362.90
[2025-03-30 11:51:21] Iteration 243/500 - Best fitness value: 362.90
[2025-03-30 11:51:21] Iteration 244/500 - Best fitness value: 362.90
[2025-03-30 11:51:21] Iteration 245/500 - Best fitness value: 362.90
[2025-03-30 11:51:21] Iteration 246/500 - Best fitness value: 362.90
[2025-03-30 11:51:21] Iteration 247/500 - Best fitness value: 362.90
[2025-03-30 11:51:21] Iteration 248/500 - Best fitness value: 362.90
[2025-03-30 11:51:21] Iteration 249/500 - Best fitness value: 362.90
[2025-03-30 11:51:21] Iteration 250/500 - Best fitness value: 362.90
[2025-03-30 11:51:21] Iteration 251/500 - Best fitness value: 362.90
[2025-03-30 11:51:21] Iteration 252/500 - Best fitness value: 362.90
[2025-03-30 11:51:21] Iteration 253/500 - Best fitness value: 362.90
[2025-03-30 11:51:21] Iteration 254/500 - Best fitness value: 362.90
[2025-03-30 11:51:21] Iteration 255/500 - Best fitness value: 362.90
[2025-03-30 11:51:21] Iteration 256/500 - Best fitness value: 362.90
[2025-03-30 11:51:21] Iteration 257/500 - Best fitness value: 362.90
[2025-03-30 11:51:21] Iteration 258/500 - Best fitness value: 362.90
[2025-03-30 11:51:21] Iteration 259/500 - Best fitness value: 362.90
[2025-03-30 11:51:21] Iteration 260/500 - Best fitness value: 362.90
[2025-03-30 11:51:21] Iteration 261/500 - Best fitness value: 362.90
[2025-03-30 11:51:21] Iteration 262/500 - Best fitness value: 362.90
[2025-03-30 11:51:21] Iteration 263/500 - Best fitness value: 362.90
[2025-03-30 11:51:21] Iteration 264/500 - Best fitness value: 362.90
[2025-03-30 11:51:21] Iteration 265/500 - Best fitness value: 362.90
[2025-03-30 11:51:21] Iteration 266/500 - Best fitness value: 362.90
[2025-03-30 11:51:21] Iteration 267/500 - Best fitness value: 362.90
[2025-03-30 11:51:21] Iteration 268/500 - Best fitness value: 362.90
[2025-03-30 11:51:21] Iteration 269/500 - Best fitness value: 362.90
[2025-03-30 11:51:21] Iteration 270/500 - Best fitness value: 362.90
[2025-03-30 11:51:21] Iteration 271/500 - Best fitness value: 362.90
[2025-03-30 11:51:21] Iteration 272/500 - Best fitness value: 362.90
[2025-03-30 11:51:21] Iteration 273/500 - Best fitness value: 362.90
[2025-03-30 11:51:21] Iteration 274/500 - Best fitness value: 362.90
[2025-03-30 11:51:21] Iteration 275/500 - Best fitness value: 362.90
[2025-03-30 11:51:21] Iteration 276/500 - Best fitness value: 362.90
[2025-03-30 11:51:21] Iteration 277/500 - Best fitness value: 362.90
[2025-03-30 11:51:21] Iteration 278/500 - Best fitness value: 362.90
[2025-03-30 11:51:21] Iteration 279/500 - Best fitness value: 362.90
[2025-03-30 11:51:21] Iteration 280/500 - Best fitness value: 362.90
[2025-03-30 11:51:21] Iteration 281/500 - Best fitness value: 362.90
[2025-03-30 11:51:21] Iteration 282/500 - Best fitness value: 362.90
[2025-03-30 11:51:21] Iteration 283/500 - Best fitness value: 362.90
[2025-03-30 11:51:21] Iteration 284/500 - Best fitness value: 362.90
[2025-03-30 11:51:21] Iteration 285/500 - Best fitness value: 362.90
[2025-03-30 11:51:21] Iteration 286/500 - Best fitness value: 362.90
[2025-03-30 11:51:21] Iteration 287/500 - Best fitness value: 362.90
[2025-03-30 11:51:21] Iteration 288/500 - Best fitness value: 362.90
[2025-03-30 11:51:21] Iteration 289/500 - Best fitness value: 362.90
[2025-03-30 11:51:21] Iteration 290/500 - Best fitness value: 362.90
[2025-03-30 11:51:21] Iteration 291/500 - Best fitness value: 362.90
[2025-03-30 11:51:21] Iteration 292/500 - Best fitness value: 362.90
[2025-03-30 11:51:21] Iteration 293/500 - Best fitness value: 362.90
[2025-03-30 11:51:21] Iteration 294/500 - Best fitness value: 362.90
[2025-03-30 11:51:21] Iteration 295/500 - Best fitness value: 362.90
[2025-03-30 11:51:21] Iteration 296/500 - Best fitness value: 362.90
[2025-03-30 11:51:21] Iteration 297/500 - Best fitness value: 362.90
[2025-03-30 11:51:21] Iteration 298/500 - Best fitness value: 362.90
[2025-03-30 11:51:21] Iteration 299/500 - Best fitness value: 362.90
[2025-03-30 11:51:21] Iteration 300/500 - Best fitness value: 362.90
[2025-03-30 11:51:21] Iteration 301/500 - Best fitness value: 362.90
[2025-03-30 11:51:21] Iteration 302/500 - Best fitness value: 362.90
[2025-03-30 11:51:21] Iteration 303/500 - Best fitness value: 362.90
[2025-03-30 11:51:21] Iteration 304/500 - Best fitness value: 362.90
[2025-03-30 11:51:21] Iteration 305/500 - Best fitness value: 362.90
[2025-03-30 11:51:21] Iteration 306/500 - Best fitness value: 362.90
[2025-03-30 11:51:21] Iteration 307/500 - Best fitness value: 362.90
[2025-03-30 11:51:21] Iteration 308/500 - Best fitness value: 362.90
[2025-03-30 11:51:21] Iteration 309/500 - Best fitness value: 362.90
[2025-03-30 11:51:21] Iteration 310/500 - Best fitness value: 362.90
[2025-03-30 11:51:21] Iteration 311/500 - Best fitness value: 362.90
[2025-03-30 11:51:21] Iteration 312/500 - Best fitness value: 362.90
[2025-03-30 11:51:21] Iteration 313/500 - Best fitness value: 362.90
[2025-03-30 11:51:21] Iteration 314/500 - Best fitness value: 362.90
[2025-03-30 11:51:21] Iteration 315/500 - Best fitness value: 362.90
[2025-03-30 11:51:21] Iteration 316/500 - Best fitness value: 362.90
[2025-03-30 11:51:21] Iteration 317/500 - Best fitness value: 362.90
[2025-03-30 11:51:21] Iteration 318/500 - Best fitness value: 362.90
[2025-03-30 11:51:21] Iteration 319/500 - Best fitness value: 362.90
[2025-03-30 11:51:21] Iteration 320/500 - Best fitness value: 362.90
[2025-03-30 11:51:21] Iteration 321/500 - Best fitness value: 362.90
[2025-03-30 11:51:21] Iteration 322/500 - Best fitness value: 362.90
[2025-03-30 11:51:21] Iteration 323/500 - Best fitness value: 362.90
[2025-03-30 11:51:21] Iteration 324/500 - Best fitness value: 362.90
[2025-03-30 11:51:21] Iteration 325/500 - Best fitness value: 362.90
[2025-03-30 11:51:21] Iteration 326/500 - Best fitness value: 362.90
[2025-03-30 11:51:21] Iteration 327/500 - Best fitness value: 362.90
[2025-03-30 11:51:21] Iteration 328/500 - Best fitness value: 362.90
[2025-03-30 11:51:21] Iteration 329/500 - Best fitness value: 362.90
[2025-03-30 11:51:21] Iteration 330/500 - Best fitness value: 362.90
[2025-03-30 11:51:21] Iteration 331/500 - Best fitness value: 362.90
[2025-03-30 11:51:21] Iteration 332/500 - Best fitness value: 362.90
[2025-03-30 11:51:21] Iteration 333/500 - Best fitness value: 362.90
[2025-03-30 11:51:21] Iteration 334/500 - Best fitness value: 362.90
[2025-03-30 11:51:21] Iteration 335/500 - Best fitness value: 362.90
[2025-03-30 11:51:21] Iteration 336/500 - Best fitness value: 362.90
[2025-03-30 11:51:21] Iteration 337/500 - Best fitness value: 362.90
[2025-03-30 11:51:21] Iteration 338/500 - Best fitness value: 362.90
[2025-03-30 11:51:21] Iteration 339/500 - Best fitness value: 362.90
[2025-03-30 11:51:21] Iteration 340/500 - Best fitness value: 362.90
[2025-03-30 11:51:21] Iteration 341/500 - Best fitness value: 362.90
[2025-03-30 11:51:21] Iteration 342/500 - Best fitness value: 362.90
[2025-03-30 11:51:21] Iteration 343/500 - Best fitness value: 362.90
[2025-03-30 11:51:21] Iteration 344/500 - Best fitness value: 362.90
[2025-03-30 11:51:21] Iteration 345/500 - Best fitness value: 362.90
[2025-03-30 11:51:21] Iteration 346/500 - Best fitness value: 362.90
[2025-03-30 11:51:21] Iteration 347/500 - Best fitness value: 362.90
[2025-03-30 11:51:21] Iteration 348/500 - Best fitness value: 362.90
[2025-03-30 11:51:21] Iteration 349/500 - Best fitness value: 362.90
[2025-03-30 11:51:22] Iteration 350/500 - Best fitness value: 362.90
[2025-03-30 11:51:22] Iteration 351/500 - Best fitness value: 362.90
[2025-03-30 11:51:22] Iteration 352/500 - Best fitness value: 362.90
[2025-03-30 11:51:22] Iteration 353/500 - Best fitness value: 362.90
[2025-03-30 11:51:22] Iteration 354/500 - Best fitness value: 362.90
[2025-03-30 11:51:22] Iteration 355/500 - Best fitness value: 362.90
[2025-03-30 11:51:22] Iteration 356/500 - Best fitness value: 362.90
[2025-03-30 11:51:22] Iteration 357/500 - Best fitness value: 362.90
[2025-03-30 11:51:22] Iteration 358/500 - Best fitness value: 362.90
[2025-03-30 11:51:22] Iteration 359/500 - Best fitness value: 362.90
[2025-03-30 11:51:22] Iteration 360/500 - Best fitness value: 362.90
[2025-03-30 11:51:22] Iteration 361/500 - Best fitness value: 362.90
[2025-03-30 11:51:22] Iteration 362/500 - Best fitness value: 362.90
[2025-03-30 11:51:22] Iteration 363/500 - Best fitness value: 362.90
[2025-03-30 11:51:22] Iteration 364/500 - Best fitness value: 362.90
[2025-03-30 11:51:22] Iteration 365/500 - Best fitness value: 362.90
[2025-03-30 11:51:22] Iteration 366/500 - Best fitness value: 362.90
[2025-03-30 11:51:22] Iteration 367/500 - Best fitness value: 362.90
[2025-03-30 11:51:22] Iteration 368/500 - Best fitness value: 362.90
[2025-03-30 11:51:22] Iteration 369/500 - Best fitness value: 362.90
[2025-03-30 11:51:22] Iteration 370/500 - Best fitness value: 362.90
[2025-03-30 11:51:22] Iteration 371/500 - Best fitness value: 362.90
[2025-03-30 11:51:22] Iteration 372/500 - Best fitness value: 362.90
[2025-03-30 11:51:22] Iteration 373/500 - Best fitness value: 362.90
[2025-03-30 11:51:22] Iteration 374/500 - Best fitness value: 362.90
[2025-03-30 11:51:22] Iteration 375/500 - Best fitness value: 362.90
[2025-03-30 11:51:22] Iteration 376/500 - Best fitness value: 362.90
[2025-03-30 11:51:22] Iteration 377/500 - Best fitness value: 362.90
[2025-03-30 11:51:22] Iteration 378/500 - Best fitness value: 362.90
[2025-03-30 11:51:22] Iteration 379/500 - Best fitness value: 362.90
[2025-03-30 11:51:22] Iteration 380/500 - Best fitness value: 362.90
[2025-03-30 11:51:22] Iteration 381/500 - Best fitness value: 362.90
[2025-03-30 11:51:22] Iteration 382/500 - Best fitness value: 362.90
[2025-03-30 11:51:22] Iteration 383/500 - Best fitness value: 362.90
[2025-03-30 11:51:22] Iteration 384/500 - Best fitness value: 362.90
[2025-03-30 11:51:22] Iteration 385/500 - Best fitness value: 362.90
[2025-03-30 11:51:22] Iteration 386/500 - Best fitness value: 362.90
[2025-03-30 11:51:22] Iteration 387/500 - Best fitness value: 362.90
[2025-03-30 11:51:22] Iteration 388/500 - Best fitness value: 362.90
[2025-03-30 11:51:22] Iteration 389/500 - Best fitness value: 362.90
[2025-03-30 11:51:22] Iteration 390/500 - Best fitness value: 362.90
[2025-03-30 11:51:22] Iteration 391/500 - Best fitness value: 362.90
[2025-03-30 11:51:22] Iteration 392/500 - Best fitness value: 362.90
[2025-03-30 11:51:22] Iteration 393/500 - Best fitness value: 362.90
[2025-03-30 11:51:22] Iteration 394/500 - Best fitness value: 362.90
[2025-03-30 11:51:22] Iteration 395/500 - Best fitness value: 362.90
[2025-03-30 11:51:22] Iteration 396/500 - Best fitness value: 362.90
[2025-03-30 11:51:22] Iteration 397/500 - Best fitness value: 362.90
[2025-03-30 11:51:22] Iteration 398/500 - Best fitness value: 362.90
[2025-03-30 11:51:22] Iteration 399/500 - Best fitness value: 362.90
[2025-03-30 11:51:22] Iteration 400/500 - Best fitness value: 362.90
[2025-03-30 11:51:22] Iteration 401/500 - Best fitness value: 362.90
[2025-03-30 11:51:22] Iteration 402/500 - Best fitness value: 362.90
[2025-03-30 11:51:22] Iteration 403/500 - Best fitness value: 362.90
[2025-03-30 11:51:22] Iteration 404/500 - Best fitness value: 362.90
[2025-03-30 11:51:22] Iteration 405/500 - Best fitness value: 362.90
[2025-03-30 11:51:22] Iteration 406/500 - Best fitness value: 362.90
[2025-03-30 11:51:22] Iteration 407/500 - Best fitness value: 362.90
[2025-03-30 11:51:22] Iteration 408/500 - Best fitness value: 362.90
[2025-03-30 11:51:22] Iteration 409/500 - Best fitness value: 362.90
[2025-03-30 11:51:22] Iteration 410/500 - Best fitness value: 362.90
[2025-03-30 11:51:22] Iteration 411/500 - Best fitness value: 362.90
[2025-03-30 11:51:22] Iteration 412/500 - Best fitness value: 362.90
[2025-03-30 11:51:22] Iteration 413/500 - Best fitness value: 362.90
[2025-03-30 11:51:22] Iteration 414/500 - Best fitness value: 362.90
[2025-03-30 11:51:22] Iteration 415/500 - Best fitness value: 362.90
[2025-03-30 11:51:22] Iteration 416/500 - Best fitness value: 362.90
[2025-03-30 11:51:22] Iteration 417/500 - Best fitness value: 362.90
[2025-03-30 11:51:22] Iteration 418/500 - Best fitness value: 362.90
[2025-03-30 11:51:22] Iteration 419/500 - Best fitness value: 362.90
[2025-03-30 11:51:22] Iteration 420/500 - Best fitness value: 362.90
[2025-03-30 11:51:22] Iteration 421/500 - Best fitness value: 362.90
[2025-03-30 11:51:22] Iteration 422/500 - Best fitness value: 362.90
[2025-03-30 11:51:22] Iteration 423/500 - Best fitness value: 362.90
[2025-03-30 11:51:22] Iteration 424/500 - Best fitness value: 362.90
[2025-03-30 11:51:22] Iteration 425/500 - Best fitness value: 362.90
[2025-03-30 11:51:22] Iteration 426/500 - Best fitness value: 362.90
[2025-03-30 11:51:22] Iteration 427/500 - Best fitness value: 362.90
[2025-03-30 11:51:22] Iteration 428/500 - Best fitness value: 362.90
[2025-03-30 11:51:22] Iteration 429/500 - Best fitness value: 362.90
[2025-03-30 11:51:22] Iteration 430/500 - Best fitness value: 362.90
[2025-03-30 11:51:22] Iteration 431/500 - Best fitness value: 362.90
[2025-03-30 11:51:22] Iteration 432/500 - Best fitness value: 362.90
[2025-03-30 11:51:22] Iteration 433/500 - Best fitness value: 362.90
[2025-03-30 11:51:22] Iteration 434/500 - Best fitness value: 362.90
[2025-03-30 11:51:22] Iteration 435/500 - Best fitness value: 362.90
[2025-03-30 11:51:22] Iteration 436/500 - Best fitness value: 362.90
[2025-03-30 11:51:22] Iteration 437/500 - Best fitness value: 362.90
[2025-03-30 11:51:22] Iteration 438/500 - Best fitness value: 362.90
[2025-03-30 11:51:22] Iteration 439/500 - Best fitness value: 362.90
[2025-03-30 11:51:22] Iteration 440/500 - Best fitness value: 362.90
[2025-03-30 11:51:22] Iteration 441/500 - Best fitness value: 362.90
[2025-03-30 11:51:22] Iteration 442/500 - Best fitness value: 362.90
[2025-03-30 11:51:22] Iteration 443/500 - Best fitness value: 362.90
[2025-03-30 11:51:22] Iteration 444/500 - Best fitness value: 362.90
[2025-03-30 11:51:22] Iteration 445/500 - Best fitness value: 362.90
[2025-03-30 11:51:22] Iteration 446/500 - Best fitness value: 362.90
[2025-03-30 11:51:22] Iteration 447/500 - Best fitness value: 362.90
[2025-03-30 11:51:22] Iteration 448/500 - Best fitness value: 362.90
[2025-03-30 11:51:22] Iteration 449/500 - Best fitness value: 362.90
[2025-03-30 11:51:22] Iteration 450/500 - Best fitness value: 362.90
[2025-03-30 11:51:22] Iteration 451/500 - Best fitness value: 362.90
[2025-03-30 11:51:22] Iteration 452/500 - Best fitness value: 362.90
[2025-03-30 11:51:22] Iteration 453/500 - Best fitness value: 362.90
[2025-03-30 11:51:22] Iteration 454/500 - Best fitness value: 362.90
[2025-03-30 11:51:22] Iteration 455/500 - Best fitness value: 362.90
[2025-03-30 11:51:22] Iteration 456/500 - Best fitness value: 362.90
[2025-03-30 11:51:22] Iteration 457/500 - Best fitness value: 362.90
[2025-03-30 11:51:22] Iteration 458/500 - Best fitness value: 362.90
[2025-03-30 11:51:22] Iteration 459/500 - Best fitness value: 362.90
[2025-03-30 11:51:22] Iteration 460/500 - Best fitness value: 362.90
[2025-03-30 11:51:22] Iteration 461/500 - Best fitness value: 362.90
[2025-03-30 11:51:22] Iteration 462/500 - Best fitness value: 362.90
[2025-03-30 11:51:22] Iteration 463/500 - Best fitness value: 362.90
[2025-03-30 11:51:22] Iteration 464/500 - Best fitness value: 362.90
[2025-03-30 11:51:22] Iteration 465/500 - Best fitness value: 362.90
[2025-03-30 11:51:22] Iteration 466/500 - Best fitness value: 362.90
[2025-03-30 11:51:22] Iteration 467/500 - Best fitness value: 362.90
[2025-03-30 11:51:22] Iteration 468/500 - Best fitness value: 362.90
[2025-03-30 11:51:22] Iteration 469/500 - Best fitness value: 362.90
[2025-03-30 11:51:22] Iteration 470/500 - Best fitness value: 362.90
[2025-03-30 11:51:22] Iteration 471/500 - Best fitness value: 362.90
[2025-03-30 11:51:22] Iteration 472/500 - Best fitness value: 362.90
[2025-03-30 11:51:22] Iteration 473/500 - Best fitness value: 362.90
[2025-03-30 11:51:22] Iteration 474/500 - Best fitness value: 362.90
[2025-03-30 11:51:22] Iteration 475/500 - Best fitness value: 362.90
[2025-03-30 11:51:22] Iteration 476/500 - Best fitness value: 362.90
[2025-03-30 11:51:22] Iteration 477/500 - Best fitness value: 362.90
[2025-03-30 11:51:22] Iteration 478/500 - Best fitness value: 362.90
[2025-03-30 11:51:22] Iteration 479/500 - Best fitness value: 362.90
[2025-03-30 11:51:22] Iteration 480/500 - Best fitness value: 362.90
[2025-03-30 11:51:22] Iteration 481/500 - Best fitness value: 362.90
[2025-03-30 11:51:22] Iteration 482/500 - Best fitness value: 362.90
[2025-03-30 11:51:22] Iteration 483/500 - Best fitness value: 362.90
[2025-03-30 11:51:22] Iteration 484/500 - Best fitness value: 362.90
[2025-03-30 11:51:22] Iteration 485/500 - Best fitness value: 362.90
[2025-03-30 11:51:22] Iteration 486/500 - Best fitness value: 362.90
[2025-03-30 11:51:22] Iteration 487/500 - Best fitness value: 362.90
[2025-03-30 11:51:22] Iteration 488/500 - Best fitness value: 362.90
[2025-03-30 11:51:22] Iteration 489/500 - Best fitness value: 362.90
[2025-03-30 11:51:22] Iteration 490/500 - Best fitness value: 362.90
[2025-03-30 11:51:22] Iteration 491/500 - Best fitness value: 362.90
[2025-03-30 11:51:22] Iteration 492/500 - Best fitness value: 362.90
[2025-03-30 11:51:22] Iteration 493/500 - Best fitness value: 362.90
[2025-03-30 11:51:22] Iteration 494/500 - Best fitness value: 362.90
[2025-03-30 11:51:22] Iteration 495/500 - Best fitness value: 362.90
[2025-03-30 11:51:22] Iteration 496/500 - Best fitness value: 362.90
[2025-03-30 11:51:22] Iteration 497/500 - Best fitness value: 362.90
[2025-03-30 11:51:22] Iteration 498/500 - Best fitness value: 362.90
[2025-03-30 11:51:22] Iteration 499/500 - Best fitness value: 362.90
[2025-03-30 11:51:22] 
Optimization completed. Final Solution Details:
[2025-03-30 11:51:22] Vehicle 1 - Route: [0, 1, 2, 0], Distance: 8.06
[2025-03-30 11:51:22] Vehicle 2 - Route: [0, 3, 0], Distance: 1.00
[2025-03-30 11:51:22] Vehicle 3 - Route: [0, 4, 0], Distance: 1.00
[2025-03-30 11:51:22] Vehicle 4 - Route: [0, 5, 0], Distance: 1.00
[2025-03-30 11:51:22] Vehicle 5 - Route: [0, 6, 0], Distance: 1.00
[2025-03-30 11:51:22] Vehicle 6 - Route: [0, 7, 0], Distance: 8.54
[2025-03-30 11:51:22] Vehicle 7 - Route: [0, 8, 0], Distance: 1.00
[2025-03-30 11:51:22] Vehicle 8 - Route: [0, 9, 0], Distance: 40.36
[2025-03-30 11:51:22] Total Distance: 61.97
[2025-03-30 11:51:22] Final Fitness Value: 362.90
[2025-03-30 11:51:22] Final Optimized Fitness Value: 362.90
[2025-03-30 11:51:22] 
Optimized Results:
[2025-03-30 11:51:22] Vehicle 1 - Route: [0, 5, 7, 9], Distance: 137.41
[2025-03-30 11:51:22] Vehicle 2 - Route: [6, 8, 4], Distance: 173.31
[2025-03-30 11:51:22] Vehicle 3 - Route: [2, 1, 3], Distance: 299.95
[2025-03-30 11:51:22] Total Distance: 610.67
